<?xml version="1.0" encoding="UTF-8"?>
<!-- Generated by org.testng.reporters.JUnitReportReporter -->
<testsuite hostname="ZSCHN01LP0312" failures="0" tests="7" name="testScripts.CondiutArticleTest" time="6.922" errors="0" timestamp="2024-02-15T22:29:50 IST" skipped="0">
  <testcase classname="testScripts.CondiutArticleTest" name="navigateToLoginPageTest" time="0.254"/>
  <system-out/>
  <testcase classname="testScripts.CondiutArticleTest" name="invalidloginTest" time="0.857"/>
  <system-out/>
  <testcase classname="testScripts.CondiutArticleTest" name="validloginTest" time="0.894"/>
  <system-out/>
  <testcase classname="testScripts.CondiutArticleTest" name="DuplicateArticleTest" time="1.113"/>
  <system-out/>
  <testcase classname="testScripts.CondiutArticleTest" name="createArticleTest" time="1.897"/>
  <system-out/>
  <testcase classname="testScripts.CondiutArticleTest" name="editArticleTest" time="0.376"/>
  <system-out/>
  <testcase classname="testScripts.CondiutArticleTest" name="deleteArticleTest" time="1.531"/>
  <system-out/>
</testsuite> <!-- testScripts.CondiutArticleTest -->
