<?xml version="1.0" encoding="UTF-8"?>
<!-- Generated by org.testng.reporters.JUnitReportReporter -->
<testsuite hostname="ZSCHN01LP0312" failures="0" tests="5" name="testScripts.CreateArticleTest" time="10.861" errors="0" timestamp="2024-02-12T11:21:57 IST" skipped="0">
  <testcase classname="testScripts.CreateArticleTest" name="navigateToLoginPageTest" time="0.106"/>
  <testcase classname="testScripts.CreateArticleTest" name="login" time="0.255"/>
  <testcase classname="testScripts.CreateArticleTest" name="createArticle" time="8.911"/>
  <testcase classname="testScripts.CreateArticleTest" name="editArticle" time="0.477"/>
  <testcase classname="testScripts.CreateArticleTest" name="deleteArticle" time="1.112"/>
</testsuite> <!-- testScripts.CreateArticleTest -->
